c:\users\young\desktop\orarticle\codes\unrelated\x64\debug\vc143.pdb
c:\users\young\desktop\orarticle\codes\unrelated\x64\debug\vc143.idb
c:\users\young\desktop\orarticle\codes\unrelated\x64\debug\main.obj
c:\users\young\desktop\orarticle\codes\unrelated\x64\debug\socp.obj
c:\users\young\desktop\orarticle\codes\unrelated\x64\debug\utils.obj
c:\users\young\desktop\orarticle\codes\unrelated\x64\debug\globals.obj
c:\users\young\desktop\orarticle\codes\unrelated\x64\debug\mkp.obj
c:\users\young\desktop\orarticle\codes\unrelated\x64\debug\pbd.obj
c:\users\young\desktop\orarticle\codes\x64\debug\unrelated.exe
c:\users\young\desktop\orarticle\codes\x64\debug\unrelated.pdb
c:\users\young\desktop\orarticle\codes\unrelated\x64\debug\unrelated.ilk
c:\users\young\desktop\orarticle\codes\unrelated\x64\debug\pbd-grd.obj
c:\users\young\desktop\orarticle\codes\unrelated\x64\debug\unrelated.tlog\cl.command.1.tlog
c:\users\young\desktop\orarticle\codes\unrelated\x64\debug\unrelated.tlog\cl.items.tlog
c:\users\young\desktop\orarticle\codes\unrelated\x64\debug\unrelated.tlog\cl.read.1.tlog
c:\users\young\desktop\orarticle\codes\unrelated\x64\debug\unrelated.tlog\cl.write.1.tlog
c:\users\young\desktop\orarticle\codes\unrelated\x64\debug\unrelated.tlog\link.command.1.tlog
c:\users\young\desktop\orarticle\codes\unrelated\x64\debug\unrelated.tlog\link.read.1.tlog
c:\users\young\desktop\orarticle\codes\unrelated\x64\debug\unrelated.tlog\link.secondary.1.tlog
c:\users\young\desktop\orarticle\codes\unrelated\x64\debug\unrelated.tlog\link.write.1.tlog
